<?xml version="1.0" encoding="UTF-8"?>
<!-- Generated by org.testng.reporters.JUnitReportReporter -->
<testsuite hostname="seliiwvdec62092" failures="0" tests="1" name="com.automation.tests.PurchaseTest" time="39.685" errors="0" timestamp="2024-09-14T20:19:02 IST" skipped="0">
  <testcase classname="com.automation.tests.PurchaseTest" name="testPurchase" time="39.685"/>
  <system-out/>
</testsuite> <!-- com.automation.tests.PurchaseTest -->
